<?xml version="1.0" encoding="UTF-8"?>
<!-- Generated by org.testng.reporters.JUnitXMLReporter -->
<testsuite ignored="0" hostname="LAPTOP-H2F0LVSP" failures="0" tests="5" name="Default test" time="56.492" errors="0" timestamp="2024-05-29T03:07:55 EDT">
  <testcase classname="com.salesforce.qa.test.LeadTest" name="checkNewButtononLeadHome" time="12.401"/>
  <testcase classname="com.salesforce.qa.test.LeadTest" name="leadsSelectView" time="6.941"/>
  <testcase classname="com.salesforce.qa.test.LeadTest" name="listItemOfTodayLeads" time="9.983"/>
  <testcase classname="com.salesforce.qa.test.LeadTest" name="testGoButton" time="10.557"/>
  <testcase classname="com.salesforce.qa.test.LeadTest" name="testLeadTabLink" time="6.575"/>
</testsuite> <!-- Default test -->
